0 info it worked if it ends with ok
1 verbose cli [ 'node', '/usr/bin/npm', 'install', '--save', 'jsupm_grove' ]
2 info using npm@1.4.9
3 info using node@v0.10.28
4 warn package.json intel-roadshow-2015@0.1.0 No description
5 warn package.json intel-roadshow-2015@0.1.0 No README data
6 verbose readDependencies using package.json deps
7 verbose cache add [ 'jsupm_grove', null ]
8 verbose cache add name=undefined spec="jsupm_grove" args=["jsupm_grove",null]
9 verbose parsed url { protocol: null,
9 verbose parsed url   slashes: null,
9 verbose parsed url   auth: null,
9 verbose parsed url   host: null,
9 verbose parsed url   port: null,
9 verbose parsed url   hostname: null,
9 verbose parsed url   hash: null,
9 verbose parsed url   search: null,
9 verbose parsed url   query: null,
9 verbose parsed url   pathname: 'jsupm_grove',
9 verbose parsed url   path: 'jsupm_grove',
9 verbose parsed url   href: 'jsupm_grove' }
10 silly lockFile 11733c00-jsupm-grove jsupm_grove
11 verbose lock jsupm_grove /home/root/.npm/11733c00-jsupm-grove.lock
12 silly lockFile 11733c00-jsupm-grove jsupm_grove
13 silly lockFile 11733c00-jsupm-grove jsupm_grove
14 verbose addNamed [ 'jsupm_grove', '' ]
15 verbose addNamed [ null, '*' ]
16 silly lockFile 54385ae1-jsupm-grove jsupm_grove@
17 verbose lock jsupm_grove@ /home/root/.npm/54385ae1-jsupm-grove.lock
18 silly addNameRange { name: 'jsupm_grove', range: '*', hasData: false }
19 verbose url raw jsupm_grove
20 verbose url resolving [ 'https://registry.npmjs.org/', './jsupm_grove' ]
21 verbose url resolved https://registry.npmjs.org/jsupm_grove
22 info trying registry request attempt 1 at 23:16:23
23 http GET https://registry.npmjs.org/jsupm_grove
24 http 404 https://registry.npmjs.org/jsupm_grove
25 verbose headers { server: 'CouchDB/1.5.0 (Erlang OTP/R16B03)',
25 verbose headers   'content-type': 'application/json',
25 verbose headers   'cache-control': 'max-age=0',
25 verbose headers   'content-length': '51',
25 verbose headers   'accept-ranges': 'bytes',
25 verbose headers   date: 'Sat, 20 Jun 2015 16:31:39 GMT',
25 verbose headers   via: '1.1 varnish',
25 verbose headers   age: '0',
25 verbose headers   connection: 'keep-alive',
25 verbose headers   'x-served-by': 'cache-atl6231-ATL',
25 verbose headers   'x-cache': 'MISS',
25 verbose headers   'x-cache-hits': '0',
25 verbose headers   'x-timer': 'S1434817899.369816,VS0,VE353' }
26 silly registry.get cb [ 404,
26 silly registry.get   { server: 'CouchDB/1.5.0 (Erlang OTP/R16B03)',
26 silly registry.get     'content-type': 'application/json',
26 silly registry.get     'cache-control': 'max-age=0',
26 silly registry.get     'content-length': '51',
26 silly registry.get     'accept-ranges': 'bytes',
26 silly registry.get     date: 'Sat, 20 Jun 2015 16:31:39 GMT',
26 silly registry.get     via: '1.1 varnish',
26 silly registry.get     age: '0',
26 silly registry.get     connection: 'keep-alive',
26 silly registry.get     'x-served-by': 'cache-atl6231-ATL',
26 silly registry.get     'x-cache': 'MISS',
26 silly registry.get     'x-cache-hits': '0',
26 silly registry.get     'x-timer': 'S1434817899.369816,VS0,VE353' } ]
27 silly lockFile 54385ae1-jsupm-grove jsupm_grove@
28 silly lockFile 54385ae1-jsupm-grove jsupm_grove@
29 error 404 404 Not Found: jsupm_grove
29 error 404
29 error 404 'jsupm_grove' is not in the npm registry.
29 error 404 You should bug the author to publish it
29 error 404 It was specified as a dependency of 'intel-roadshow-2015'
29 error 404
29 error 404 Note that you can also install from a
29 error 404 tarball, folder, or http url, or git url.
30 error System Linux 3.10.17-poky-edison+
31 error command "node" "/usr/bin/npm" "install" "--save" "jsupm_grove"
32 error cwd /home/root/BeaconTracker
33 error node -v v0.10.28
34 error npm -v 1.4.9
35 error code E404
36 verbose exit [ 1, true ]
